<?xml version="1.0" encoding="UTF-8"?>
<testsuite xmlns:xsi="http://www.w3.org/2001/XMLSchema-instance" xsi:noNamespaceSchemaLocation="https://maven.apache.org/surefire/maven-surefire-plugin/xsd/surefire-test-report-3.0.xsd" version="3.0" name="runners.RunnerClass" time="79.999" tests="4" errors="0" skipped="0" failures="0">
  <properties>
[...]
</properties>
  <testcase name="Adding multiple employees #1" classname="Adding the employees in HRMS Application" time="37.775">
    <system-out><![CDATA[
@123 @test123
Scenario Outline: Adding multiple employees # src/test/resources/features/AddEmployee.feature:30
  When user enters valid admin credentials  # steps.EmployeeSearchSteps.user_enters_valid_admin_credentials()
  And user clicks on login button           # steps.EmployeeSearchSteps.user_clicks_on_login_button()
  Then admin user is successfully logged in # steps.LoginSteps.admin_user_is_successfully_logged_in()
  When user clicks on PIM option            # steps.AddEmployeeSteps.user_clicks_on_pim_option()
  And user clicks on add employee option    # steps.AddEmployeeSteps.user_clicks_on_add_employee_option()
  And user provides "asel" "MS" and "tolga" # steps.AddEmployeeSteps.user_provides_and(java.lang.String,java.lang.String,java.lang.String)
  And user clicks on save button            # steps.AddEmployeeSteps.user_clicks_on_save_button()
Employee added
  Then employee added successfully          # steps.AddEmployeeSteps.employee_added_successfully()

    Embedding Adding multiple employees [image/png 315474 bytes]

]]></system-out>
    <system-err><![CDATA[SLF4J: Failed to load class "org.slf4j.impl.StaticLoggerBinder".
SLF4J: Defaulting to no-operation (NOP) logger implementation
SLF4J: See http://www.slf4j.org/codes.html#StaticLoggerBinder for further details.
Starting ChromeDriver 102.0.5005.61 (0e59bcc00cc4985ce39ad31c150065f159d95ad3-refs/branch-heads/5005@{#819}) on port 17327
Only local connections are allowed.
Please see https://chromedriver.chromium.org/security-considerations for suggestions on keeping ChromeDriver safe.
ChromeDriver was started successfully.
Jun 14, 2022 9:03:04 PM org.openqa.selenium.remote.ProtocolHandshake createSession
INFO: Detected dialect: W3C
]]></system-err>
  </testcase>
  <testcase name="Adding multiple employees #2" classname="Adding the employees in HRMS Application" time="15.57">
    <system-out><![CDATA[
@123 @test123
Scenario Outline: Adding multiple employees    # src/test/resources/features/AddEmployee.feature:31
  When user enters valid admin credentials     # steps.EmployeeSearchSteps.user_enters_valid_admin_credentials()
  And user clicks on login button              # steps.EmployeeSearchSteps.user_clicks_on_login_button()
  Then admin user is successfully logged in    # steps.LoginSteps.admin_user_is_successfully_logged_in()
  When user clicks on PIM option               # steps.AddEmployeeSteps.user_clicks_on_pim_option()
  And user clicks on add employee option       # steps.AddEmployeeSteps.user_clicks_on_add_employee_option()
  And user provides "yazgul" "MS" and "kishan" # steps.AddEmployeeSteps.user_provides_and(java.lang.String,java.lang.String,java.lang.String)
  And user clicks on save button               # steps.AddEmployeeSteps.user_clicks_on_save_button()
Employee added
  Then employee added successfully             # steps.AddEmployeeSteps.employee_added_successfully()

    Embedding Adding multiple employees [image/png 318944 bytes]

]]></system-out>
    <system-err><![CDATA[Starting ChromeDriver 102.0.5005.61 (0e59bcc00cc4985ce39ad31c150065f159d95ad3-refs/branch-heads/5005@{#819}) on port 12128
Only local connections are allowed.
Please see https://chromedriver.chromium.org/security-considerations for suggestions on keeping ChromeDriver safe.
ChromeDriver was started successfully.
Jun 14, 2022 9:03:20 PM org.openqa.selenium.remote.ProtocolHandshake createSession
INFO: Detected dialect: W3C
]]></system-err>
  </testcase>
  <testcase name="Adding multiple employees #3" classname="Adding the employees in HRMS Application" time="9.958">
    <system-out><![CDATA[
@123 @test123
Scenario Outline: Adding multiple employees   # src/test/resources/features/AddEmployee.feature:32
  When user enters valid admin credentials    # steps.EmployeeSearchSteps.user_enters_valid_admin_credentials()
  And user clicks on login button             # steps.EmployeeSearchSteps.user_clicks_on_login_button()
  Then admin user is successfully logged in   # steps.LoginSteps.admin_user_is_successfully_logged_in()
  When user clicks on PIM option              # steps.AddEmployeeSteps.user_clicks_on_pim_option()
  And user clicks on add employee option      # steps.AddEmployeeSteps.user_clicks_on_add_employee_option()
  And user provides "tarik" "MS" and "mujeeb" # steps.AddEmployeeSteps.user_provides_and(java.lang.String,java.lang.String,java.lang.String)
  And user clicks on save button              # steps.AddEmployeeSteps.user_clicks_on_save_button()
Employee added
  Then employee added successfully            # steps.AddEmployeeSteps.employee_added_successfully()

    Embedding Adding multiple employees [image/png 319485 bytes]

]]></system-out>
    <system-err><![CDATA[Starting ChromeDriver 102.0.5005.61 (0e59bcc00cc4985ce39ad31c150065f159d95ad3-refs/branch-heads/5005@{#819}) on port 7603
Only local connections are allowed.
Please see https://chromedriver.chromium.org/security-considerations for suggestions on keeping ChromeDriver safe.
ChromeDriver was started successfully.
Jun 14, 2022 9:03:35 PM org.openqa.selenium.remote.ProtocolHandshake createSession
INFO: Detected dialect: W3C
]]></system-err>
  </testcase>
  <testcase name="Adding multiple employees #4" classname="Adding the employees in HRMS Application" time="15.755">
    <system-out><![CDATA[
@123 @test123
Scenario Outline: Adding multiple employees    # src/test/resources/features/AddEmployee.feature:33
  When user enters valid admin credentials     # steps.EmployeeSearchSteps.user_enters_valid_admin_credentials()
  And user clicks on login button              # steps.EmployeeSearchSteps.user_clicks_on_login_button()
  Then admin user is successfully logged in    # steps.LoginSteps.admin_user_is_successfully_logged_in()
  When user clicks on PIM option               # steps.AddEmployeeSteps.user_clicks_on_pim_option()
  And user clicks on add employee option       # steps.AddEmployeeSteps.user_clicks_on_add_employee_option()
  And user provides "nassir" "MS" and "volkan" # steps.AddEmployeeSteps.user_provides_and(java.lang.String,java.lang.String,java.lang.String)
  And user clicks on save button               # steps.AddEmployeeSteps.user_clicks_on_save_button()
Employee added
  Then employee added successfully             # steps.AddEmployeeSteps.employee_added_successfully()

    Embedding Adding multiple employees [image/png 301021 bytes]

]]></system-out>
    <system-err><![CDATA[Starting ChromeDriver 102.0.5005.61 (0e59bcc00cc4985ce39ad31c150065f159d95ad3-refs/branch-heads/5005@{#819}) on port 26234
Only local connections are allowed.
Please see https://chromedriver.chromium.org/security-considerations for suggestions on keeping ChromeDriver safe.
ChromeDriver was started successfully.
Jun 14, 2022 9:03:45 PM org.openqa.selenium.remote.ProtocolHandshake createSession
INFO: Detected dialect: W3C
]]></system-err>
  </testcase>
</testsuite>